TN:
SF:lib/cdk-stack.ts
FN:12,(anonymous_0)
FNF:1
FNH:1
FNDA:32,(anonymous_0)
DA:1,7
DA:2,7
DA:3,7
DA:4,7
DA:5,7
DA:6,7
DA:7,7
DA:8,7
DA:9,7
DA:11,7
DA:13,32
DA:19,32
DA:21,31
DA:24,1
DA:28,32
DA:29,32
DA:32,32
DA:38,32
DA:46,32
DA:80,32
DA:86,32
DA:93,32
DA:101,32
DA:114,32
DA:120,32
DA:133,32
DA:139,32
DA:148,32
DA:156,32
DA:168,32
DA:180,32
DA:181,32
DA:184,32
DA:190,32
DA:195,32
DA:204,32
DA:267,32
DA:273,32
DA:278,32
DA:283,32
LF:40
LH:40
BRDA:19,0,0,31
BRDA:19,0,1,1
BRDA:19,1,0,32
BRDA:19,1,1,3
BRF:4
BRH:4
end_of_record
